<?xml version="1.0" encoding="UTF-8"?>
<testsuite xmlns:xsi="http://www.w3.org/2001/XMLSchema-instance" xsi:noNamespaceSchemaLocation="https://maven.apache.org/surefire/maven-surefire-plugin/xsd/surefire-test-report.xsd" name="Is it Friday yet?" time="0.29" tests="2" errors="0" skipped="0" failures="0">
  <properties>
[...]
</properties>
  <testcase name="Sunday is not Friday" classname="Is it Friday yet?" time="0.279"/>
  <testcase name="Friday is Friday" classname="Is it Friday yet?" time="0.003"/>
</testsuite>